build/app/outputs/mapping/release/mapping.txt
# compiler: R8
# compiler_version: 1.5.64
# min_api: 16
# pg_map_id: 4c9b13f
...
io.flutter.embedding.engine.systemchannels.TextInputChannel$TextInputMethodHandler -> io.flutter.embedding.engine.i.j$f:
    void clearClient() -> a
    void setClient(int,io.flutter.embedding.engine.systemchannels.TextInputChannel$Configuration) -> a
    void setEditingState(io.flutter.embedding.engine.systemchannels.TextInputChannel$TextEditState) -> a
    void setPlatformViewClient(int) -> a
    void show() -> b
    void hide() -> c
io.flutter.embedding.engine.systemchannels.TextInputChannel$TextInputType -> io.flutter.embedding.engine.i.j$g:
    io.flutter.embedding.engine.systemchannels.TextInputChannel$TextInputType TEXT -> c
    io.flutter.embedding.engine.systemchannels.TextInputChannel$TextInputType NUMBER -> e
    io.flutter.embedding.engine.systemchannels.TextInputChannel$TextInputType DATETIME -> d
    io.flutter.embedding.engine.systemchannels.TextInputChannel$TextInputType VISIBLE_PASSWORD -> j
    io.flutter.embedding.engine.systemchannels.TextInputChannel$TextInputType MULTILINE -> g
    io.flutter.embedding.engine.systemchannels.TextInputChannel$TextInputType PHONE -> f
    java.lang.String encodedName -> b
    io.flutter.embedding.engine.systemchannels.TextInputChannel$TextInputType URL -> i
    io.flutter.embedding.engine.systemchannels.TextInputChannel$TextInputType[] $VALUES -> k
    io.flutter.embedding.engine.systemchannels.TextInputChannel$TextInputType EMAIL_ADDRESS -> h
    io.flutter.embedding.engine.systemchannels.TextInputChannel$TextInputType fromValue(java.lang.String) -> a
io.flutter.plugin.common.BasicMessageChannel -> c.a.c.a.a:
    io.flutter.plugin.common.MessageCodec codec -> c
    io.flutter.plugin.common.BinaryMessenger messenger -> a
    java.lang.String name -> b
    io.flutter.plugin.common.MessageCodec access$200(io.flutter.plugin.common.BasicMessageChannel) -> a
    void send(java.lang.Object) -> a
    void send(java.lang.Object,io.flutter.plugin.common.BasicMessageChannel$Reply) -> a
    void setMessageHandler(io.flutter.plugin.common.BasicMessageChannel$MessageHandler) -> a
    java.lang.String access$300(io.flutter.plugin.common.BasicMessageChannel) -> b
io.flutter.plugin.common.BasicMessageChannel$1 -> c.a.c.a.a$a:
io.flutter.plugin.common.BasicMessageChannel$IncomingMessageHandler -> c.a.c.a.a$b:
    io.flutter.plugin.common.BasicMessageChannel$MessageHandler handler -> a
    io.flutter.plugin.common.BasicMessageChannel this$0 -> b
    void onMessage(java.nio.ByteBuffer,io.flutter.plugin.common.BinaryMessenger$BinaryReply) -> a
io.flutter.plugin.common.BasicMessageChannel$IncomingMessageHandler$1 -> c.a.c.a.a$b$a:
    io.flutter.plugin.common.BinaryMessenger$BinaryReply val$callback -> a
    io.flutter.plugin.common.BasicMessageChannel$IncomingMessageHandler this$1 -> b
    void reply(java.lang.Object) -> a
io.flutter.plugin.common.BasicMessageChannel$IncomingReplyHandler -> c.a.c.a.a$c:
    io.flutter.plugin.common.BasicMessageChannel$Reply callback -> a
    io.flutter.plugin.common.BasicMessageChannel this$0 -> b
    void reply(java.nio.ByteBuffer) -> a
io.flutter.plugin.common.BasicMessageChannel$MessageHandler -> c.a.c.a.a$d:
    void onMessage(java.lang.Object,io.flutter.plugin.common.BasicMessageChannel$Reply) -> a
io.flutter.plugin.common.BasicMessageChannel$Reply -> c.a.c.a.a$e:
    void reply(java.lang.Object) -> a
io.flutter.plugin.common.BinaryMessenger -> c.a.c.a.b:
    void send(java.lang.String,java.nio.ByteBuffer) -> a
    void send(java.lang.String,java.nio.ByteBuffer,io.flutter.plugin.common.BinaryMessenger$BinaryReply) -> a
    void setMessageHandler(java.lang.String,io.flutter.plugin.common.BinaryMessenger$BinaryMessageHandler) -> a
io.flutter.plugin.common.BinaryMessenger$BinaryMessageHandler -> c.a.c.a.b$a:
    void onMessage(java.nio.ByteBuffer,io.flutter.plugin.common.BinaryMessenger$BinaryReply) -> a
io.flutter.plugin.common.BinaryMessenger$BinaryReply -> c.a.c.a.b$b:
    void reply(java.nio.ByteBuffer) -> a